<?xml version="1.0" encoding="UTF-8"?>
<!-- Generated by org.testng.reporters.JUnitXMLReporter -->
<testsuite hostname="186590d22d815c.ant.amazon.com" ignored="4" name="FNN" tests="5" failures="1" timestamp="14 Jan 2020 13:40:47 GMT" time="381.301" errors="0">
  <testcase name="homeVideoSection_forILLE" time="50.301" classname="us.WSNTests"/>
  <testcase name="logoutAndExitVerification" time="44.087" classname="us.WSNTests">
    <skipped/>
  </testcase> <!-- logoutAndExitVerification -->
  <testcase name="logoutAndExitVerification" time="42.785" classname="us.WSNTests">
    <skipped/>
  </testcase> <!-- logoutAndExitVerification -->
  <testcase name="logoutAndExitVerification" time="43.116" classname="us.WSNTests">
    <skipped/>
  </testcase> <!-- logoutAndExitVerification -->
  <testcase name="logoutAndExitVerification" time="48.277" classname="us.WSNTests">
    <failure type="java.lang.AssertionError" message="Unable to navigate till LIVE TV">
      <![CDATA[java.lang.AssertionError: Unable to navigate till LIVE TV
at org.testng.Assert.fail(Assert.java:96)
at com.firetv.action.UIActionResult.actionFailed(UIActionResult.java:31)
at us.macro.WSNMacro.isNavigatedtoLive(WSNMacro.java:201)
at us.macro.WSNMacro.navigateToSettings(WSNMacro.java:655)
at us.macro.WSNMacro.VerifyLogoutVerification(WSNMacro.java:682)
at us.WSNTests.logoutAndExitVerification(WSNTests.java:125)
at sun.reflect.NativeMethodAccessorImpl.invoke0(Native Method)
at sun.reflect.NativeMethodAccessorImpl.invoke(NativeMethodAccessorImpl.java:62)
at sun.reflect.DelegatingMethodAccessorImpl.invoke(DelegatingMethodAccessorImpl.java:43)
at java.lang.reflect.Method.invoke(Method.java:498)
at org.testng.internal.MethodInvocationHelper.invokeMethod(MethodInvocationHelper.java:124)
at org.testng.internal.Invoker.invokeMethod(Invoker.java:580)
at org.testng.internal.Invoker.retryFailed(Invoker.java:838)
at org.testng.internal.Invoker.invokeTestMethods(Invoker.java:1009)
at org.testng.internal.TestMethodWorker.invokeTestMethods(TestMethodWorker.java:125)
at org.testng.internal.TestMethodWorker.run(TestMethodWorker.java:109)
at org.testng.TestRunner.privateRun(TestRunner.java:648)
at org.testng.TestRunner.run(TestRunner.java:505)
at org.testng.SuiteRunner.runTest(SuiteRunner.java:455)
at org.testng.SuiteRunner.access$000(SuiteRunner.java:40)
at org.testng.SuiteRunner$SuiteWorker.run(SuiteRunner.java:489)
at org.testng.internal.thread.ThreadUtil$1.call(ThreadUtil.java:52)
at java.util.concurrent.FutureTask.run(FutureTask.java:266)
at java.util.concurrent.ThreadPoolExecutor.runWorker(ThreadPoolExecutor.java:1149)
at java.util.concurrent.ThreadPoolExecutor$Worker.run(ThreadPoolExecutor.java:624)
at java.lang.Thread.run(Thread.java:748)
]]>
    </failure>
  </testcase> <!-- logoutAndExitVerification -->
  <testcase name="navigationVerification" time="0.0" classname="us.WSNTests">
    <ignored/>
  </testcase> <!-- navigationVerification -->
  <testcase name="showsVideoPlaybackVerification" time="0.0" classname="us.WSNTests">
    <ignored/>
  </testcase> <!-- showsVideoPlaybackVerification -->
  <testcase name="featuredVideoSection" time="0.0" classname="us.WSNTests">
    <ignored/>
  </testcase> <!-- featuredVideoSection -->
  <testcase name="searchvideoSection" time="0.0" classname="us.WSNTests">
    <ignored/>
  </testcase> <!-- searchvideoSection -->
</testsuite> <!-- FNN -->
